<?xml version="1.0" encoding="UTF-8"?>
<testng-results ignored="0" total="1" passed="1" failed="0" skipped="0">
  <reporter-output>
  </reporter-output>
  <suite started-at="2026-06-12T07:00:55Z" name="Default suite" finished-at="2026-06-12T07:01:08Z" duration-ms="13131">
    <groups>
    </groups>
    <test started-at="2026-06-12T07:00:55Z" name="Default test" finished-at="2026-06-12T07:01:08Z" duration-ms="13131">
      <class name="JavaPackage.TestWebDriverManager">
        <test-method signature="a()[pri:0, instance:JavaPackage.TestWebDriverManager@710c2b53]" started-at="2026-06-12T07:00:55Z" name="a" finished-at="2026-06-12T07:01:08Z" duration-ms="13076" status="PASS">
          <reporter-output>
          </reporter-output>
        </test-method> <!-- a -->
      </class> <!-- JavaPackage.TestWebDriverManager -->
    </test> <!-- Default test -->
  </suite> <!-- Default suite -->
</testng-results>
